<?xml version="1.0" encoding="UTF-8"?>
<testng-results ignored="0" total="2" passed="2" failed="0" skipped="0">
  <reporter-output>
  </reporter-output>
  <suite started-at="2024-11-13T23:38:45 IST" name="Suite" finished-at="2024-11-13T23:39:08 IST" duration-ms="23227">
    <groups>
    </groups>
    <test started-at="2024-11-13T23:38:45 IST" name="Error Validation Test" finished-at="2024-11-13T23:38:53 IST" duration-ms="8279">
      <class name="lalitUISeleniumFramework.SeleniumFrameworkDesign.ErrorValidation">
        <test-method is-config="true" signature="launchApplication()[pri:0, instance:lalitUISeleniumFramework.SeleniumFrameworkDesign.ErrorValidation@23e84203]" started-at="2024-11-13T23:38:45 IST" name="launchApplication" finished-at="2024-11-13T23:38:52 IST" duration-ms="7795" status="PASS">
          <reporter-output>
          </reporter-output>
        </test-method> <!-- launchApplication -->
        <test-method signature="submitOrder()[pri:0, instance:lalitUISeleniumFramework.SeleniumFrameworkDesign.ErrorValidation@23e84203]" started-at="2024-11-13T23:38:52 IST" name="submitOrder" finished-at="2024-11-13T23:38:53 IST" duration-ms="364" status="PASS">
          <reporter-output>
          </reporter-output>
        </test-method> <!-- submitOrder -->
        <test-method is-config="true" signature="tearDown()[pri:0, instance:lalitUISeleniumFramework.SeleniumFrameworkDesign.ErrorValidation@23e84203]" started-at="2024-11-13T23:38:53 IST" name="tearDown" finished-at="2024-11-13T23:38:53 IST" duration-ms="87" status="PASS">
          <reporter-output>
          </reporter-output>
        </test-method> <!-- tearDown -->
      </class> <!-- lalitUISeleniumFramework.SeleniumFrameworkDesign.ErrorValidation -->
    </test> <!-- Error Validation Test -->
    <test started-at="2024-11-13T23:38:45 IST" name="Submit Test" finished-at="2024-11-13T23:39:08 IST" duration-ms="23227">
      <class name="lalitUISeleniumFramework.SeleniumFrameworkDesign.submitClass">
        <test-method is-config="true" signature="launchApplication()[pri:0, instance:lalitUISeleniumFramework.SeleniumFrameworkDesign.submitClass@470734c3]" started-at="2024-11-13T23:38:45 IST" name="launchApplication" finished-at="2024-11-13T23:38:50 IST" duration-ms="5485" status="PASS">
          <reporter-output>
          </reporter-output>
        </test-method> <!-- launchApplication -->
        <test-method signature="submitOrder()[pri:0, instance:lalitUISeleniumFramework.SeleniumFrameworkDesign.submitClass@470734c3]" started-at="2024-11-13T23:38:50 IST" name="submitOrder" finished-at="2024-11-13T23:39:08 IST" duration-ms="17630" status="PASS">
          <reporter-output>
          </reporter-output>
        </test-method> <!-- submitOrder -->
        <test-method is-config="true" signature="tearDown()[pri:0, instance:lalitUISeleniumFramework.SeleniumFrameworkDesign.submitClass@470734c3]" started-at="2024-11-13T23:39:08 IST" name="tearDown" finished-at="2024-11-13T23:39:08 IST" duration-ms="78" status="PASS">
          <reporter-output>
          </reporter-output>
        </test-method> <!-- tearDown -->
      </class> <!-- lalitUISeleniumFramework.SeleniumFrameworkDesign.submitClass -->
    </test> <!-- Submit Test -->
  </suite> <!-- Suite -->
</testng-results>
